# JRE version: OpenJDK Runtime Environment (11.0.10) (build 11.0.10+0-b96-7249189)
# Java VM: OpenJDK 64-Bit Server VM (11.0.10+0-b96-7249189, mixed mode, tiered, compressed oops, g1 gc, windows-amd64)
Heap:
 garbage-first heap   total 187392K, used 151993K [0x0000000080000000, 0x0000000100000000)
  region size 1024K, 18 young (18432K), 3 survivors (3072K)
 Metaspace       used 148142K, capacity 152895K, committed 153328K, reserved 1181696K
  class space    used 18715K, capacity 20236K, committed 20428K, reserved 1048576K
GC Heap History (20 events):
Event: 590.849 GC heap before
{Heap before GC invocations=107 (full 0):
 garbage-first heap   total 187392K, used 168682K [0x0000000080000000, 0x0000000100000000)
  region size 1024K, 9 young (9216K), 2 survivors (2048K)
 Metaspace       used 142847K, capacity 147881K, committed 148080K, reserved 1177600K
  class space    used 18234K, capacity 19942K, committed 20044K, reserved 1048576K
}
Event: 590.859 GC heap after
{Heap after GC invocations=108 (full 0):
 garbage-first heap   total 187392K, used 162166K [0x0000000080000000, 0x0000000100000000)
  region size 1024K, 2 young (2048K), 2 survivors (2048K)
 Metaspace       used 142847K, capacity 147881K, committed 148080K, reserved 1177600K
  class space    used 18234K, capacity 19942K, committed 20044K, reserved 1048576K
}
Event: 591.793 GC heap before
{Heap before GC invocations=108 (full 0):
 garbage-first heap   total 187392K, used 169334K [0x0000000080000000, 0x0000000100000000)
  region size 1024K, 9 young (9216K), 2 survivors (2048K)
 Metaspace       used 143084K, capacity 148212K, committed 148336K, reserved 1177600K
  class space    used 18275K, capacity 19985K, committed 20044K, reserved 1048576K
}
Event: 591.801 GC heap after
{Heap after GC invocations=109 (full 0):
 garbage-first heap   total 187392K, used 163098K [0x0000000080000000, 0x0000000100000000)
  region size 1024K, 2 young (2048K), 2 survivors (2048K)
 Metaspace       used 143084K, capacity 148212K, committed 148336K, reserved 1177600K
  class space    used 18275K, capacity 19985K, committed 20044K, reserved 1048576K
}
Event: 593.606 GC heap before
{Heap before GC invocations=109 (full 0):
 garbage-first heap   total 187392K, used 169242K [0x0000000080000000, 0x0000000100000000)
  region size 1024K, 9 young (9216K), 2 survivors (2048K)
 Metaspace       used 143801K, capacity 148968K, committed 149232K, reserved 1179648K
  class space    used 18383K, capacity 20095K, committed 20172K, reserved 1048576K
}
Event: 593.613 GC heap after
{Heap after GC invocations=110 (full 0):
 garbage-first heap   total 187392K, used 163654K [0x0000000080000000, 0x0000000100000000)
  region size 1024K, 2 young (2048K), 2 survivors (2048K)
 Metaspace       used 143801K, capacity 148968K, committed 149232K, reserved 1179648K
  class space    used 18383K, capacity 20095K, committed 20172K, reserved 1048576K
}
Event: 594.749 GC heap before
{Heap before GC invocations=110 (full 0):
 garbage-first heap   total 187392K, used 169798K [0x0000000080000000, 0x0000000100000000)
  region size 1024K, 9 young (9216K), 2 survivors (2048K)
 Metaspace       used 144913K, capacity 150116K, committed 150384K, reserved 1179648K
  class space    used 18528K, capacity 20260K, committed 20300K, reserved 1048576K
}
Event: 594.794 GC heap after
{Heap after GC invocations=111 (full 0):
 garbage-first heap   total 187392K, used 164422K [0x0000000080000000, 0x0000000100000000)
  region size 1024K, 2 young (2048K), 2 survivors (2048K)
 Metaspace       used 144913K, capacity 150116K, committed 150384K, reserved 1179648K
  class space    used 18528K, capacity 20260K, committed 20300K, reserved 1048576K
}
Event: 595.269 GC heap before
{Heap before GC invocations=111 (full 0):
 garbage-first heap   total 187392K, used 170566K [0x0000000080000000, 0x0000000100000000)
  region size 1024K, 9 young (9216K), 2 survivors (2048K)
 Metaspace       used 144914K, capacity 150116K, committed 150384K, reserved 1179648K
  class space    used 18528K, capacity 20260K, committed 20300K, reserved 1048576K
}
Event: 595.276 GC heap after
{Heap after GC invocations=112 (full 0):
 garbage-first heap   total 187392K, used 165186K [0x0000000080000000, 0x0000000100000000)
  region size 1024K, 2 young (2048K), 2 survivors (2048K)
 Metaspace       used 144914K, capacity 150116K, committed 150384K, reserved 1179648K
  class space    used 18528K, capacity 20260K, committed 20300K, reserved 1048576K
}
Event: 596.970 GC heap before
{Heap before GC invocations=113 (full 0):
 garbage-first heap   total 187392K, used 169282K [0x0000000080000000, 0x0000000100000000)
  region size 1024K, 9 young (9216K), 2 survivors (2048K)
 Metaspace       used 145148K, capacity 149840K, committed 150768K, reserved 1179648K
  class space    used 18484K, capacity 19994K, committed 20428K, reserved 1048576K
}
Event: 596.982 GC heap after
{Heap after GC invocations=114 (full 0):
 garbage-first heap   total 187392K, used 163575K [0x0000000080000000, 0x0000000100000000)
  region size 1024K, 2 young (2048K), 2 survivors (2048K)
 Metaspace       used 145148K, capacity 149840K, committed 150768K, reserved 1179648K
  class space    used 18484K, capacity 19994K, committed 20428K, reserved 1048576K
}
Event: 597.369 GC heap before
{Heap before GC invocations=114 (full 0):
 garbage-first heap   total 187392K, used 170743K [0x0000000080000000, 0x0000000100000000)
  region size 1024K, 9 young (9216K), 2 survivors (2048K)
 Metaspace       used 146600K, capacity 151280K, committed 151792K, reserved 1181696K
  class space    used 18580K, capacity 20090K, committed 20428K, reserved 1048576K
}
Event: 597.396 GC heap after
{Heap after GC invocations=115 (full 0):
 garbage-first heap   total 187392K, used 147167K [0x0000000080000000, 0x0000000100000000)
  region size 1024K, 1 young (1024K), 1 survivors (1024K)
 Metaspace       used 146600K, capacity 151280K, committed 151792K, reserved 1181696K
  class space    used 18580K, capacity 20090K, committed 20428K, reserved 1048576K
}
Event: 597.609 GC heap before
{Heap before GC invocations=115 (full 0):
 garbage-first heap   total 187392K, used 155359K [0x0000000080000000, 0x0000000100000000)
  region size 1024K, 9 young (9216K), 1 survivors (1024K)
 Metaspace       used 147693K, capacity 152372K, committed 152816K, reserved 1181696K
  class space    used 18683K, capacity 20198K, committed 20428K, reserved 1048576K
}
Event: 597.646 GC heap after
{Heap after GC invocations=116 (full 0):
 garbage-first heap   total 187392K, used 136992K [0x0000000080000000, 0x0000000100000000)
  region size 1024K, 1 young (1024K), 1 survivors (1024K)
 Metaspace       used 147693K, capacity 152372K, committed 152816K, reserved 1181696K
  class space    used 18683K, capacity 20198K, committed 20428K, reserved 1048576K
}
Event: 598.954 GC heap before
{Heap before GC invocations=116 (full 0):
 garbage-first heap   total 187392K, used 145184K [0x0000000080000000, 0x0000000100000000)
  region size 1024K, 9 young (9216K), 1 survivors (1024K)
 Metaspace       used 147776K, capacity 152442K, committed 152816K, reserved 1181696K
  class space    used 18688K, capacity 20199K, committed 20428K, reserved 1048576K
}
Event: 598.984 GC heap after
{Heap after GC invocations=117 (full 0):
 garbage-first heap   total 187392K, used 136192K [0x0000000080000000, 0x0000000100000000)
  region size 1024K, 2 young (2048K), 2 survivors (2048K)
 Metaspace       used 147776K, capacity 152442K, committed 152816K, reserved 1181696K
  class space    used 18688K, capacity 20199K, committed 20428K, reserved 1048576K
}
Event: 600.348 GC heap before
{Heap before GC invocations=117 (full 0):
 garbage-first heap   total 187392K, used 153600K [0x0000000080000000, 0x0000000100000000)
  region size 1024K, 20 young (20480K), 2 survivors (2048K)
 Metaspace       used 147819K, capacity 152507K, committed 153072K, reserved 1181696K
  class space    used 18688K, capacity 20199K, committed 20428K, reserved 1048576K
}
Event: 600.358 GC heap after
{Heap after GC invocations=118 (full 0):
 garbage-first heap   total 187392K, used 137657K [0x0000000080000000, 0x0000000100000000)
  region size 1024K, 3 young (3072K), 3 survivors (3072K)
 Metaspace       used 147819K, capacity 152507K, committed 153072K, reserved 1181696K
  class space    used 18688K, capacity 20199K, committed 20428K, reserved 1048576K
}

